{"C:\\Users\\PC\\Desktop\\microverse_work\\Jest-test-exercise\\src\\calculator.js": {"path":"C:\\Users\\PC\\Desktop\\microverse_work\\Jest-test-exercise\\src\\calculator.js","statementMap":{"0":{"start":{"line":1,"column":19},"end":{"line":6,"column":1}},"1":{"start":{"line":2,"column":24},"end":{"line":2,"column":29}},"2":{"start":{"line":3,"column":27},"end":{"line":3,"column":32}},"3":{"start":{"line":4,"column":30},"end":{"line":4,"column":35}},"4":{"start":{"line":5,"column":24},"end":{"line":5,"column":29}},"5":{"start":{"line":7,"column":0},"end":{"line":7,"column":39}},"6":{"start":{"line":9,"column":0},"end":{"line":9,"column":30}}},"fnMap":{"0":{"name":"(anonymous_0)","decl":{"start":{"line":2,"column":14},"end":{"line":2,"column":15}},"loc":{"start":{"line":2,"column":24},"end":{"line":2,"column":29}},"line":2},"1":{"name":"(anonymous_1)","decl":{"start":{"line":3,"column":17},"end":{"line":3,"column":18}},"loc":{"start":{"line":3,"column":27},"end":{"line":3,"column":32}},"line":3},"2":{"name":"(anonymous_2)","decl":{"start":{"line":4,"column":20},"end":{"line":4,"column":21}},"loc":{"start":{"line":4,"column":30},"end":{"line":4,"column":35}},"line":4},"3":{"name":"(anonymous_3)","decl":{"start":{"line":5,"column":14},"end":{"line":5,"column":15}},"loc":{"start":{"line":5,"column":24},"end":{"line":5,"column":29}},"line":5}},"branchMap":{},"s":{"0":1,"1":2,"2":1,"3":1,"4":1,"5":1,"6":1},"f":{"0":2,"1":1,"2":1,"3":1},"b":{},"_coverageSchema":"1a1c01bbd47fc00a2c39e90264f33305004495a9","hash":"03a5d21e90dc26c349917c288fa67b204a663404"}
,"C:\\Users\\PC\\Desktop\\microverse_work\\Jest-test-exercise\\src\\capitalise.js": {"path":"C:\\Users\\PC\\Desktop\\microverse_work\\Jest-test-exercise\\src\\capitalise.js","statementMap":{"0":{"start":{"line":2,"column":4},"end":{"line":2,"column":60}},"1":{"start":{"line":5,"column":0},"end":{"line":5,"column":30}}},"fnMap":{"0":{"name":"capitalize","decl":{"start":{"line":1,"column":9},"end":{"line":1,"column":19}},"loc":{"start":{"line":1,"column":27},"end":{"line":4,"column":1}},"line":1}},"branchMap":{},"s":{"0":1,"1":1},"f":{"0":1},"b":{},"_coverageSchema":"1a1c01bbd47fc00a2c39e90264f33305004495a9","hash":"7f6f0b7e7d05269851cbdefc981dbd3134e458d6"}
,"C:\\Users\\PC\\Desktop\\microverse_work\\Jest-test-exercise\\src\\reverse.js": {"path":"C:\\Users\\PC\\Desktop\\microverse_work\\Jest-test-exercise\\src\\reverse.js","statementMap":{"0":{"start":{"line":2,"column":3},"end":{"line":2,"column":46}},"1":{"start":{"line":4,"column":0},"end":{"line":4,"column":33}}},"fnMap":{"0":{"name":"reverseString","decl":{"start":{"line":1,"column":9},"end":{"line":1,"column":22}},"loc":{"start":{"line":1,"column":31},"end":{"line":3,"column":1}},"line":1}},"branchMap":{},"s":{"0":1,"1":1},"f":{"0":1},"b":{},"_coverageSchema":"1a1c01bbd47fc00a2c39e90264f33305004495a9","hash":"b8d9f68afad237a5125e3e8926060af9b02d374f"}
,"C:\\Users\\PC\\Desktop\\microverse_work\\Jest-test-exercise\\src\\string.js": {"path":"C:\\Users\\PC\\Desktop\\microverse_work\\Jest-test-exercise\\src\\string.js","statementMap":{"0":{"start":{"line":2,"column":13},"end":{"line":2,"column":26}},"1":{"start":{"line":3,"column":4},"end":{"line":7,"column":5}},"2":{"start":{"line":4,"column":8},"end":{"line":4,"column":41}},"3":{"start":{"line":6,"column":8},"end":{"line":6,"column":40}},"4":{"start":{"line":8,"column":4},"end":{"line":8,"column":15}},"5":{"start":{"line":10,"column":0},"end":{"line":10,"column":30}}},"fnMap":{"0":{"name":"stringLength","decl":{"start":{"line":1,"column":10},"end":{"line":1,"column":22}},"loc":{"start":{"line":1,"column":30},"end":{"line":9,"column":1}},"line":1}},"branchMap":{"0":{"loc":{"start":{"line":3,"column":4},"end":{"line":7,"column":5}},"type":"if","locations":[{"start":{"line":3,"column":4},"end":{"line":7,"column":5}},{"start":{"line":5,"column":10},"end":{"line":7,"column":5}}],"line":3},"1":{"loc":{"start":{"line":3,"column":8},"end":{"line":3,"column":29}},"type":"binary-expr","locations":[{"start":{"line":3,"column":8},"end":{"line":3,"column":16}},{"start":{"line":3,"column":20},"end":{"line":3,"column":29}}],"line":3}},"s":{"0":2,"1":2,"2":2,"3":0,"4":2,"5":1},"f":{"0":2},"b":{"0":[2,0],"1":[2,0]},"_coverageSchema":"1a1c01bbd47fc00a2c39e90264f33305004495a9","hash":"41ed4a57a77c565e892b1a1777174f904a275791"}
}
